  particle_filter.cpp
Z:\CarND\Term2\CarND-Kidnapped-Vehicle-Project\src\particle_filter.cpp(112): warning C4018: '<': signed/unsigned mismatch
Z:\CarND\Term2\CarND-Kidnapped-Vehicle-Project\src\particle_filter.cpp(117): warning C4018: '<': signed/unsigned mismatch
Z:\CarND\Term2\CarND-Kidnapped-Vehicle-Project\src\particle_filter.cpp(148): warning C4018: '<': signed/unsigned mismatch
Z:\CarND\Term2\CarND-Kidnapped-Vehicle-Project\src\particle_filter.cpp(165): warning C4018: '<': signed/unsigned mismatch
Z:\CarND\Term2\CarND-Kidnapped-Vehicle-Project\src\particle_filter.cpp(186): warning C4018: '<': signed/unsigned mismatch
Z:\CarND\Term2\CarND-Kidnapped-Vehicle-Project\src\particle_filter.cpp(202): warning C4018: '<': signed/unsigned mismatch
Z:\CarND\Term2\CarND-Kidnapped-Vehicle-Project\src\particle_filter.cpp(206): warning C4018: '<': signed/unsigned mismatch
Z:\CarND\Term2\CarND-Kidnapped-Vehicle-Project\src\particle_filter.cpp(203): warning C4101: 'lm_x': unreferenced local variable
Z:\CarND\Term2\CarND-Kidnapped-Vehicle-Project\src\particle_filter.cpp(203): warning C4101: 'lm_y': unreferenced local variable
D:\VisualStudio2017\VC\Tools\MSVC\14.12.25827\include\xutility(2390): warning C4244: 'argument': conversion from 'double' to 'const float', possible loss of data
  D:\VisualStudio2017\VC\Tools\MSVC\14.12.25827\include\xutility(2409): note: see reference to function template instantiation '_OutIt std::_Copy_unchecked1<_InIt,_OutIt>(_InIt,_InIt,_OutIt,std::_General_ptr_iterator_tag)' being compiled
          with
          [
              _OutIt=std::ostream_iterator<float,char,std::char_traits<char>>,
              _InIt=double *
          ]
  D:\VisualStudio2017\VC\Tools\MSVC\14.12.25827\include\xutility(2422): note: see reference to function template instantiation '_OutIt std::_Copy_unchecked<double*,_Iter>(_InIt,_InIt,_OutIt)' being compiled
          with
          [
              _OutIt=std::ostream_iterator<float,char,std::char_traits<char>>,
              _Iter=std::ostream_iterator<float,char,std::char_traits<char>>,
              _InIt=double *
          ]
  D:\VisualStudio2017\VC\Tools\MSVC\14.12.25827\include\xutility(2431): note: see reference to function template instantiation '_OutIt std::_Copy_no_deprecate<_InIt,_OutIt>(_InIt,_InIt,_OutIt)' being compiled
          with
          [
              _OutIt=std::ostream_iterator<float,char,std::char_traits<char>>,
              _InIt=std::_Vector_iterator<std::_Vector_val<std::_Simple_types<double>>>
          ]
  Z:\CarND\Term2\CarND-Kidnapped-Vehicle-Project\src\particle_filter.cpp(293): note: see reference to function template instantiation '_OutIt std::copy<std::_Vector_iterator<std::_Vector_val<std::_Simple_types<_Ty>>>,std::ostream_iterator<float,char,std::char_traits<char>>>(_InIt,_InIt,_OutIt)' being compiled
          with
          [
              _OutIt=std::ostream_iterator<float,char,std::char_traits<char>>,
              _Ty=double,
              _InIt=std::_Vector_iterator<std::_Vector_val<std::_Simple_types<double>>>
          ]
     Creating library Z:/CarND/Term2/CarND-Kidnapped-Vehicle-Project/build/Debug/particle_filter.lib and object Z:/CarND/Term2/CarND-Kidnapped-Vehicle-Project/build/Debug/particle_filter.exp
  particle_filter.vcxproj -> Z:\CarND\Term2\CarND-Kidnapped-Vehicle-Project\build\Debug\particle_filter.exe
